<?xml version="1.0" encoding="UTF-8"?>
<testsuite xmlns:xsi="http://www.w3.org/2001/XMLSchema-instance" xsi:noNamespaceSchemaLocation="https://maven.apache.org/surefire/maven-surefire-plugin/xsd/surefire-test-report.xsd" name="com.coal.service.BoundriesServiceTest" time="5.751" tests="2" errors="0" skipped="0" failures="0">
  <properties>
[...]
</properties>
  <testcase name="getBoundaryPointsB1Test" classname="com.coal.service.BoundriesServiceTest" time="0.026"/>
  <testcase name="getBoundaryPointsB2Test" classname="com.coal.service.BoundriesServiceTest" time="0.004"/>
</testsuite>